<?xml version="1.0" encoding="UTF-8"?>
<testsuite xmlns:xsi="http://www.w3.org/2001/XMLSchema-instance" xsi:noNamespaceSchemaLocation="https://maven.apache.org/surefire/maven-surefire-plugin/xsd/surefire-test-report-3.0.xsd" version="3.0" name="ai.tecton.client.transport.TectonHttpClientTest" time="0.361" tests="6" errors="0" skipped="0" failures="0">
  <properties>
    <property name="gopherProxySet" value="false"/>
    <property name="awt.toolkit" value="sun.lwawt.macosx.LWCToolkit"/>
    <property name="java.specification.version" value="11"/>
    <property name="sun.cpu.isalist" value=""/>
    <property name="sun.jnu.encoding" value="UTF-8"/>
    <property name="java.class.path" value="/Users/zack/tecton-http-client-java1/target/test-classes:/Users/zack/tecton-http-client-java1/target/classes:/Users/zack/.m2/repository/com/squareup/okhttp3/okhttp/4.10.0/okhttp-4.10.0.jar:/Users/zack/.m2/repository/com/squareup/okio/okio-jvm/3.0.0/okio-jvm-3.0.0.jar:/Users/zack/.m2/repository/org/jetbrains/kotlin/kotlin-stdlib-common/1.5.31/kotlin-stdlib-common-1.5.31.jar:/Users/zack/.m2/repository/org/jetbrains/kotlin/kotlin-stdlib/1.6.20/kotlin-stdlib-1.6.20.jar:/Users/zack/.m2/repository/org/jetbrains/annotations/13.0/annotations-13.0.jar:/Users/zack/.m2/repository/com/squareup/moshi/moshi/1.13.0/moshi-1.13.0.jar:/Users/zack/.m2/repository/com/squareup/okio/okio/2.10.0/okio-2.10.0.jar:/Users/zack/.m2/repository/org/jetbrains/kotlin/kotlin-stdlib-jdk8/1.6.0/kotlin-stdlib-jdk8-1.6.0.jar:/Users/zack/.m2/repository/org/jetbrains/kotlin/kotlin-stdlib-jdk7/1.6.0/kotlin-stdlib-jdk7-1.6.0.jar:/Users/zack/.m2/repository/com/squareup/moshi/moshi-adapters/1.13.0/moshi-adapters-1.13.0.jar:/Users/zack/.m2/repository/org/apache/commons/commons-lang3/3.12.0/commons-lang3-3.12.0.jar:/Users/zack/.m2/repository/org/apache/commons/commons-collections4/4.4/commons-collections4-4.4.jar:/Users/zack/.m2/repository/junit/junit/4.13.2/junit-4.13.2.jar:/Users/zack/.m2/repository/org/hamcrest/hamcrest-core/1.3/hamcrest-core-1.3.jar:/Users/zack/.m2/repository/com/squareup/okhttp3/mockwebserver/4.10.0/mockwebserver-4.10.0.jar:/Users/zack/.m2/repository/org/mockito/mockito-core/4.3.1/mockito-core-4.3.1.jar:/Users/zack/.m2/repository/net/bytebuddy/byte-buddy/1.12.7/byte-buddy-1.12.7.jar:/Users/zack/.m2/repository/net/bytebuddy/byte-buddy-agent/1.12.7/byte-buddy-agent-1.12.7.jar:/Users/zack/.m2/repository/org/objenesis/objenesis/3.2/objenesis-3.2.jar:"/>
    <property name="java.vm.vendor" value="Azul Systems, Inc."/>
    <property name="sun.arch.data.model" value="64"/>
    <property name="java.vendor.url" value="http://www.azul.com/"/>
    <property name="user.timezone" value=""/>
    <property name="java.vm.specification.version" value="11"/>
    <property name="os.name" value="Mac OS X"/>
    <property name="sun.java.launcher" value="SUN_STANDARD"/>
    <property name="user.country" value="US"/>
    <property name="sun.boot.library.path" value="/Library/Java/JavaVirtualMachines/zulu-11.jdk/Contents/Home/lib"/>
    <property name="sun.java.command" value="/Users/zack/tecton-http-client-java1/target/surefire/surefirebooter-20250723151842669_3.jar /Users/zack/tecton-http-client-java1/target/surefire 2025-07-23T15-18-42_606-jvmRun1 surefire-20250723151842669_1tmp surefire_0-20250723151842669_2tmp"/>
    <property name="http.nonProxyHosts" value="local|*.local|169.254/16|*.169.254/16"/>
    <property name="jdk.debug" value="release"/>
    <property name="surefire.test.class.path" value="/Users/zack/tecton-http-client-java1/target/test-classes:/Users/zack/tecton-http-client-java1/target/classes:/Users/zack/.m2/repository/com/squareup/okhttp3/okhttp/4.10.0/okhttp-4.10.0.jar:/Users/zack/.m2/repository/com/squareup/okio/okio-jvm/3.0.0/okio-jvm-3.0.0.jar:/Users/zack/.m2/repository/org/jetbrains/kotlin/kotlin-stdlib-common/1.5.31/kotlin-stdlib-common-1.5.31.jar:/Users/zack/.m2/repository/org/jetbrains/kotlin/kotlin-stdlib/1.6.20/kotlin-stdlib-1.6.20.jar:/Users/zack/.m2/repository/org/jetbrains/annotations/13.0/annotations-13.0.jar:/Users/zack/.m2/repository/com/squareup/moshi/moshi/1.13.0/moshi-1.13.0.jar:/Users/zack/.m2/repository/com/squareup/okio/okio/2.10.0/okio-2.10.0.jar:/Users/zack/.m2/repository/org/jetbrains/kotlin/kotlin-stdlib-jdk8/1.6.0/kotlin-stdlib-jdk8-1.6.0.jar:/Users/zack/.m2/repository/org/jetbrains/kotlin/kotlin-stdlib-jdk7/1.6.0/kotlin-stdlib-jdk7-1.6.0.jar:/Users/zack/.m2/repository/com/squareup/moshi/moshi-adapters/1.13.0/moshi-adapters-1.13.0.jar:/Users/zack/.m2/repository/org/apache/commons/commons-lang3/3.12.0/commons-lang3-3.12.0.jar:/Users/zack/.m2/repository/org/apache/commons/commons-collections4/4.4/commons-collections4-4.4.jar:/Users/zack/.m2/repository/junit/junit/4.13.2/junit-4.13.2.jar:/Users/zack/.m2/repository/org/hamcrest/hamcrest-core/1.3/hamcrest-core-1.3.jar:/Users/zack/.m2/repository/com/squareup/okhttp3/mockwebserver/4.10.0/mockwebserver-4.10.0.jar:/Users/zack/.m2/repository/org/mockito/mockito-core/4.3.1/mockito-core-4.3.1.jar:/Users/zack/.m2/repository/net/bytebuddy/byte-buddy/1.12.7/byte-buddy-1.12.7.jar:/Users/zack/.m2/repository/net/bytebuddy/byte-buddy-agent/1.12.7/byte-buddy-agent-1.12.7.jar:/Users/zack/.m2/repository/org/objenesis/objenesis/3.2/objenesis-3.2.jar:"/>
    <property name="sun.cpu.endian" value="little"/>
    <property name="user.home" value="/Users/zack"/>
    <property name="user.language" value="en"/>
    <property name="java.specification.vendor" value="Oracle Corporation"/>
    <property name="java.version.date" value="2024-04-16"/>
    <property name="java.home" value="/Library/Java/JavaVirtualMachines/zulu-11.jdk/Contents/Home"/>
    <property name="file.separator" value="/"/>
    <property name="basedir" value="/Users/zack/tecton-http-client-java1"/>
    <property name="java.vm.compressedOopsMode" value="Zero based"/>
    <property name="line.separator" value="&#10;"/>
    <property name="java.specification.name" value="Java Platform API Specification"/>
    <property name="java.vm.specification.vendor" value="Oracle Corporation"/>
    <property name="jdk.vendor.version" value="Zulu11.72+19-CA"/>
    <property name="java.awt.graphicsenv" value="sun.awt.CGraphicsEnvironment"/>
    <property name="surefire.real.class.path" value="/Users/zack/tecton-http-client-java1/target/surefire/surefirebooter-20250723151842669_3.jar"/>
    <property name="sun.management.compiler" value="HotSpot 64-Bit Tiered Compilers"/>
    <property name="ftp.nonProxyHosts" value="local|*.local|169.254/16|*.169.254/16"/>
    <property name="java.runtime.version" value="11.0.23+9-LTS"/>
    <property name="user.name" value="zack"/>
    <property name="path.separator" value=":"/>
    <property name="os.version" value="14.7"/>
    <property name="java.runtime.name" value="OpenJDK Runtime Environment"/>
    <property name="file.encoding" value="UTF-8"/>
    <property name="java.vm.name" value="OpenJDK 64-Bit Server VM"/>
    <property name="java.vendor.version" value="Zulu11.72+19-CA"/>
    <property name="localRepository" value="/Users/zack/.m2/repository"/>
    <property name="java.vendor.url.bug" value="http://www.azul.com/support/"/>
    <property name="java.io.tmpdir" value="/var/folders/30/cdwszt9j42b7m9dcc024hdtw0000gn/T/"/>
    <property name="java.version" value="11.0.23"/>
    <property name="user.dir" value="/Users/zack/tecton-http-client-java1"/>
    <property name="os.arch" value="aarch64"/>
    <property name="java.vm.specification.name" value="Java Virtual Machine Specification"/>
    <property name="java.awt.printerjob" value="sun.lwawt.macosx.CPrinterJob"/>
    <property name="sun.os.patch.level" value="unknown"/>
    <property name="java.library.path" value="/Users/zack/Library/Java/Extensions:/Library/Java/Extensions:/Network/Library/Java/Extensions:/System/Library/Java/Extensions:/usr/lib/java:."/>
    <property name="java.vm.info" value="mixed mode"/>
    <property name="java.vendor" value="Azul Systems, Inc."/>
    <property name="java.vm.version" value="11.0.23+9-LTS"/>
    <property name="java.specification.maintenance.version" value="2"/>
    <property name="sun.io.unicode.encoding" value="UnicodeBig"/>
    <property name="java.class.version" value="55.0"/>
    <property name="socksNonProxyHosts" value="local|*.local|169.254/16|*.169.254/16"/>
  </properties>
  <testcase name="testDefaultTectonRequest" classname="ai.tecton.client.transport.TectonHttpClientTest" time="0.159"/>
  <testcase name="testDefaultHttpClient" classname="ai.tecton.client.transport.TectonHttpClientTest" time="0.001"/>
  <testcase name="testParallelRequestsWithDefaultClient" classname="ai.tecton.client.transport.TectonHttpClientTest" time="0.124"/>
  <testcase name="testParallelRequestWithTimeout" classname="ai.tecton.client.transport.TectonHttpClientTest" time="0.016"/>
  <testcase name="testClientWithTectonOptions" classname="ai.tecton.client.transport.TectonHttpClientTest" time="0.002"/>
  <testcase name="testParallelRequestsWithPartialErrorResponses" classname="ai.tecton.client.transport.TectonHttpClientTest" time="0.031"/>
</testsuite>
